<?xml version="1.0" encoding="UTF-8"?>
<testsuite name="FirstSpecification" tests="2" skipped="0" failures="0" errors="0" timestamp="2021-11-26T14:47:54" hostname="LAPTOP-CKQCTNKQ" time="0.322">
  <properties/>
  <testcase name="one plus one should equal two" classname="FirstSpecification" time="0.319"/>
  <testcase name="two plus two should equal four" classname="FirstSpecification" time="0.003"/>
  <system-out><![CDATA[]]></system-out>
  <system-err><![CDATA[]]></system-err>
</testsuite>
