<?xml version="1.0" encoding="UTF-8"?>
<testsuite name="com.aor.numbers.DivisibleByFilterTest" tests="1" skipped="0" failures="0" errors="0" timestamp="2021-11-22T01:41:07" hostname="LAPTOP-CKQCTNKQ" time="0.015">
  <properties/>
  <testcase name="Accept()" classname="com.aor.numbers.DivisibleByFilterTest" time="0.015"/>
  <system-out><![CDATA[]]></system-out>
  <system-err><![CDATA[]]></system-err>
</testsuite>
