<?xml version="1.0" encoding="UTF-8"?>
<testsuite name="FirstSpecification" tests="3" skipped="0" failures="0" errors="0" timestamp="2021-11-26T14:59:35" hostname="LAPTOP-CKQCTNKQ" time="0.025">
  <properties/>
  <testcase name="numbers to the power of two [a: 1, b: 2, c: 1, #0]" classname="FirstSpecification" time="0.021"/>
  <testcase name="numbers to the power of two [a: 2, b: 2, c: 4, #1]" classname="FirstSpecification" time="0.0"/>
  <testcase name="numbers to the power of two [a: 3, b: 2, c: 9, #2]" classname="FirstSpecification" time="0.0"/>
  <system-out><![CDATA[]]></system-out>
  <system-err><![CDATA[]]></system-err>
</testsuite>
