<?xml version="1.0" encoding="UTF-8"?>
<testsuite name="DivisibleByFilterTest" tests="1" skipped="0" failures="0" errors="0" timestamp="2021-11-26T16:12:46" hostname="LAPTOP-CKQCTNKQ" time="0.345">
  <properties/>
  <testcase name="Accept" classname="DivisibleByFilterTest" time="0.345"/>
  <system-out><![CDATA[]]></system-out>
  <system-err><![CDATA[]]></system-err>
</testsuite>
