<?xml version="1.0" encoding="UTF-8"?>
<testsuite name="PositiveFilterTest" tests="1" skipped="0" failures="0" errors="0" timestamp="2021-11-26T15:57:07" hostname="LAPTOP-CKQCTNKQ" time="0.078">
  <properties/>
  <testcase name="Accept" classname="PositiveFilterTest" time="0.078"/>
  <system-out><![CDATA[]]></system-out>
  <system-err><![CDATA[]]></system-err>
</testsuite>
