<?xml version="1.0" encoding="UTF-8"?>
<testsuite name="com.aor.numbers.ListFiltererTest" tests="1" skipped="0" failures="0" errors="0" timestamp="2021-11-22T01:06:09" hostname="LAPTOP-CKQCTNKQ" time="0.02">
  <properties/>
  <testcase name="Filter()" classname="com.aor.numbers.ListFiltererTest" time="0.02"/>
  <system-out><![CDATA[]]></system-out>
  <system-err><![CDATA[]]></system-err>
</testsuite>
